<?xml version="1.0" encoding="UTF-8"?>
<testng-results ignored="0" total="7" passed="7" failed="0" skipped="0">
  <reporter-output>
  </reporter-output>
  <suite started-at="2025-04-03T00:01:20 IST" name="Default suite" finished-at="2025-04-03T00:03:02 IST" duration-ms="101825">
    <groups>
      <group name="cucumber">
        <method signature="AbstractTestNGCucumberTests.runScenario(io.cucumber.testng.PickleWrapper,io.cucumber.testng.FeatureWrapper)[pri:0, instance:runner.Orangehrm_runner@15ca7889]" name="runScenario" class="io.cucumber.testng.AbstractTestNGCucumberTests"/>
      </group> <!-- cucumber -->
    </groups>
    <test started-at="2025-04-03T00:01:20 IST" name="Default test" finished-at="2025-04-03T00:03:02 IST" duration-ms="101825">
      <class name="runner.Orangehrm_runner">
        <test-method is-config="true" signature="setUpClass(org.testng.ITestContext)[pri:0, instance:runner.Orangehrm_runner@15ca7889]" started-at="2025-04-03T00:01:20 IST" name="setUpClass" finished-at="2025-04-03T00:01:21 IST" duration-ms="1257" status="PASS">
          <params>
            <param index="0">
              <value>
                <![CDATA[org.testng.TestRunner@56cc9f29]]>
              </value>
            </param>
          </params>
          <reporter-output>
          </reporter-output>
        </test-method> <!-- setUpClass -->
        <test-method signature="runScenario(io.cucumber.testng.PickleWrapper,io.cucumber.testng.FeatureWrapper)[pri:0, instance:runner.Orangehrm_runner@15ca7889]" started-at="2025-04-03T00:01:21 IST" name="runScenario" description="Runs Cucumber Scenarios" data-provider="scenarios" finished-at="2025-04-03T00:01:32 IST" duration-ms="10897" status="PASS">
          <params>
            <param index="0">
              <value>
                <![CDATA["User logs into OrangeHRM"]]>
              </value>
            </param>
            <param index="1">
              <value>
                <![CDATA["OrangeHRM Login and Quick Launch Options"]]>
              </value>
            </param>
          </params>
          <reporter-output>
          </reporter-output>
        </test-method> <!-- runScenario -->
        <test-method signature="runScenario(io.cucumber.testng.PickleWrapper,io.cucumber.testng.FeatureWrapper)[pri:0, instance:runner.Orangehrm_runner@15ca7889]" started-at="2025-04-03T00:01:32 IST" name="runScenario" description="Runs Cucumber Scenarios" data-provider="scenarios" finished-at="2025-04-03T00:01:49 IST" duration-ms="16761" status="PASS">
          <params>
            <param index="0">
              <value>
                <![CDATA["Verify Quick Launch options on Dashboard"]]>
              </value>
            </param>
            <param index="1">
              <value>
                <![CDATA["OrangeHRM Login and Quick Launch Options"]]>
              </value>
            </param>
          </params>
          <reporter-output>
          </reporter-output>
        </test-method> <!-- runScenario -->
        <test-method signature="runScenario(io.cucumber.testng.PickleWrapper,io.cucumber.testng.FeatureWrapper)[pri:0, instance:runner.Orangehrm_runner@15ca7889]" started-at="2025-04-03T00:01:49 IST" name="runScenario" description="Runs Cucumber Scenarios" data-provider="scenarios" finished-at="2025-04-03T00:02:03 IST" duration-ms="13448" status="PASS">
          <params>
            <param index="0">
              <value>
                <![CDATA["Verify Quick Launch options on Dashboard"]]>
              </value>
            </param>
            <param index="1">
              <value>
                <![CDATA["OrangeHRM Login and Quick Launch Options"]]>
              </value>
            </param>
          </params>
          <reporter-output>
          </reporter-output>
        </test-method> <!-- runScenario -->
        <test-method signature="runScenario(io.cucumber.testng.PickleWrapper,io.cucumber.testng.FeatureWrapper)[pri:0, instance:runner.Orangehrm_runner@15ca7889]" started-at="2025-04-03T00:02:03 IST" name="runScenario" description="Runs Cucumber Scenarios" data-provider="scenarios" finished-at="2025-04-03T00:02:16 IST" duration-ms="13094" status="PASS">
          <params>
            <param index="0">
              <value>
                <![CDATA["Verify Quick Launch options on Dashboard"]]>
              </value>
            </param>
            <param index="1">
              <value>
                <![CDATA["OrangeHRM Login and Quick Launch Options"]]>
              </value>
            </param>
          </params>
          <reporter-output>
          </reporter-output>
        </test-method> <!-- runScenario -->
        <test-method signature="runScenario(io.cucumber.testng.PickleWrapper,io.cucumber.testng.FeatureWrapper)[pri:0, instance:runner.Orangehrm_runner@15ca7889]" started-at="2025-04-03T00:02:16 IST" name="runScenario" description="Runs Cucumber Scenarios" data-provider="scenarios" finished-at="2025-04-03T00:02:30 IST" duration-ms="14828" status="PASS">
          <params>
            <param index="0">
              <value>
                <![CDATA["Verify Quick Launch options on Dashboard"]]>
              </value>
            </param>
            <param index="1">
              <value>
                <![CDATA["OrangeHRM Login and Quick Launch Options"]]>
              </value>
            </param>
          </params>
          <reporter-output>
          </reporter-output>
        </test-method> <!-- runScenario -->
        <test-method signature="runScenario(io.cucumber.testng.PickleWrapper,io.cucumber.testng.FeatureWrapper)[pri:0, instance:runner.Orangehrm_runner@15ca7889]" started-at="2025-04-03T00:02:31 IST" name="runScenario" description="Runs Cucumber Scenarios" data-provider="scenarios" finished-at="2025-04-03T00:02:46 IST" duration-ms="15929" status="PASS">
          <params>
            <param index="0">
              <value>
                <![CDATA["Verify Quick Launch options on Dashboard"]]>
              </value>
            </param>
            <param index="1">
              <value>
                <![CDATA["OrangeHRM Login and Quick Launch Options"]]>
              </value>
            </param>
          </params>
          <reporter-output>
          </reporter-output>
        </test-method> <!-- runScenario -->
        <test-method signature="runScenario(io.cucumber.testng.PickleWrapper,io.cucumber.testng.FeatureWrapper)[pri:0, instance:runner.Orangehrm_runner@15ca7889]" started-at="2025-04-03T00:02:46 IST" name="runScenario" description="Runs Cucumber Scenarios" data-provider="scenarios" finished-at="2025-04-03T00:03:02 IST" duration-ms="15460" status="PASS">
          <params>
            <param index="0">
              <value>
                <![CDATA["Verify Quick Launch options on Dashboard"]]>
              </value>
            </param>
            <param index="1">
              <value>
                <![CDATA["OrangeHRM Login and Quick Launch Options"]]>
              </value>
            </param>
          </params>
          <reporter-output>
          </reporter-output>
        </test-method> <!-- runScenario -->
        <test-method is-config="true" signature="tearDownClass()[pri:0, instance:runner.Orangehrm_runner@15ca7889]" started-at="2025-04-03T00:03:02 IST" name="tearDownClass" finished-at="2025-04-03T00:03:02 IST" duration-ms="40" status="PASS">
          <reporter-output>
          </reporter-output>
        </test-method> <!-- tearDownClass -->
      </class> <!-- runner.Orangehrm_runner -->
    </test> <!-- Default test -->
  </suite> <!-- Default suite -->
</testng-results>
